<?xml version="1.0" encoding="UTF-8"?>
<testsuite xmlns:xsi="http://www.w3.org/2001/XMLSchema-instance" xsi:noNamespaceSchemaLocation="https://maven.apache.org/surefire/maven-surefire-plugin/xsd/surefire-test-report-3.0.xsd" version="3.0" name="com.riesgocrediticio.buro.BuroApplicationTests" time="10.849" tests="1" errors="0" skipped="0" failures="0">
  <properties>
    <property name="java.specification.version" value="17"/>
    <property name="sun.cpu.isalist" value="amd64"/>
    <property name="sun.jnu.encoding" value="Cp1252"/>
    <property name="java.class.path" value="c:\OCTAVO\ARQUI\RiesgoCredito\target\test-classes;c:\OCTAVO\ARQUI\RiesgoCredito\target\classes;C:\Users\carol\.m2\repository\org\springframework\boot\spring-boot-starter-actuator\3.3.0\spring-boot-starter-actuator-3.3.0.jar;C:\Users\carol\.m2\repository\org\springframework\boot\spring-boot-starter\3.3.0\spring-boot-starter-3.3.0.jar;C:\Users\carol\.m2\repository\jakarta\annotation\jakarta.annotation-api\2.1.1\jakarta.annotation-api-2.1.1.jar;C:\Users\carol\.m2\repository\org\yaml\snakeyaml\2.2\snakeyaml-2.2.jar;C:\Users\carol\.m2\repository\org\springframework\boot\spring-boot-actuator-autoconfigure\3.3.0\spring-boot-actuator-autoconfigure-3.3.0.jar;C:\Users\carol\.m2\repository\org\springframework\boot\spring-boot-actuator\3.3.0\spring-boot-actuator-3.3.0.jar;C:\Users\carol\.m2\repository\com\fasterxml\jackson\core\jackson-databind\2.17.1\jackson-databind-2.17.1.jar;C:\Users\carol\.m2\repository\com\fasterxml\jackson\core\jackson-annotations\2.17.1\jackson-annotations-2.17.1.jar;C:\Users\carol\.m2\repository\com\fasterxml\jackson\core\jackson-core\2.17.1\jackson-core-2.17.1.jar;C:\Users\carol\.m2\repository\com\fasterxml\jackson\datatype\jackson-datatype-jsr310\2.17.1\jackson-datatype-jsr310-2.17.1.jar;C:\Users\carol\.m2\repository\io\micrometer\micrometer-observation\1.13.0\micrometer-observation-1.13.0.jar;C:\Users\carol\.m2\repository\io\micrometer\micrometer-commons\1.13.0\micrometer-commons-1.13.0.jar;C:\Users\carol\.m2\repository\io\micrometer\micrometer-jakarta9\1.13.0\micrometer-jakarta9-1.13.0.jar;C:\Users\carol\.m2\repository\org\springframework\boot\spring-boot-starter-data-jpa\3.3.0\spring-boot-starter-data-jpa-3.3.0.jar;C:\Users\carol\.m2\repository\org\springframework\boot\spring-boot-starter-aop\3.3.0\spring-boot-starter-aop-3.3.0.jar;C:\Users\carol\.m2\repository\org\springframework\spring-aop\6.1.8\spring-aop-6.1.8.jar;C:\Users\carol\.m2\repository\org\aspectj\aspectjweaver\1.9.22\aspectjweaver-1.9.22.jar;C:\Users\carol\.m2\repository\org\springframework\boot\spring-boot-starter-jdbc\3.3.0\spring-boot-starter-jdbc-3.3.0.jar;C:\Users\carol\.m2\repository\com\zaxxer\HikariCP\5.1.0\HikariCP-5.1.0.jar;C:\Users\carol\.m2\repository\org\springframework\spring-jdbc\6.1.8\spring-jdbc-6.1.8.jar;C:\Users\carol\.m2\repository\org\hibernate\orm\hibernate-core\6.5.2.Final\hibernate-core-6.5.2.Final.jar;C:\Users\carol\.m2\repository\jakarta\persistence\jakarta.persistence-api\3.1.0\jakarta.persistence-api-3.1.0.jar;C:\Users\carol\.m2\repository\jakarta\transaction\jakarta.transaction-api\2.0.1\jakarta.transaction-api-2.0.1.jar;C:\Users\carol\.m2\repository\org\jboss\logging\jboss-logging\3.5.3.Final\jboss-logging-3.5.3.Final.jar;C:\Users\carol\.m2\repository\org\hibernate\common\hibernate-commons-annotations\6.0.6.Final\hibernate-commons-annotations-6.0.6.Final.jar;C:\Users\carol\.m2\repository\io\smallrye\jandex\3.1.2\jandex-3.1.2.jar;C:\Users\carol\.m2\repository\com\fasterxml\classmate\1.7.0\classmate-1.7.0.jar;C:\Users\carol\.m2\repository\net\bytebuddy\byte-buddy\1.14.16\byte-buddy-1.14.16.jar;C:\Users\carol\.m2\repository\org\glassfish\jaxb\jaxb-runtime\4.0.5\jaxb-runtime-4.0.5.jar;C:\Users\carol\.m2\repository\org\glassfish\jaxb\jaxb-core\4.0.5\jaxb-core-4.0.5.jar;C:\Users\carol\.m2\repository\org\eclipse\angus\angus-activation\2.0.2\angus-activation-2.0.2.jar;C:\Users\carol\.m2\repository\org\glassfish\jaxb\txw2\4.0.5\txw2-4.0.5.jar;C:\Users\carol\.m2\repository\com\sun\istack\istack-commons-runtime\4.1.2\istack-commons-runtime-4.1.2.jar;C:\Users\carol\.m2\repository\jakarta\inject\jakarta.inject-api\2.0.1\jakarta.inject-api-2.0.1.jar;C:\Users\carol\.m2\repository\org\antlr\antlr4-runtime\4.13.0\antlr4-runtime-4.13.0.jar;C:\Users\carol\.m2\repository\org\springframework\data\spring-data-jpa\3.3.0\spring-data-jpa-3.3.0.jar;C:\Users\carol\.m2\repository\org\springframework\data\spring-data-commons\3.3.0\spring-data-commons-3.3.0.jar;C:\Users\carol\.m2\repository\org\springframework\spring-orm\6.1.8\spring-orm-6.1.8.jar;C:\Users\carol\.m2\repository\org\springframework\spring-context\6.1.8\spring-context-6.1.8.jar;C:\Users\carol\.m2\repository\org\springframework\spring-tx\6.1.8\spring-tx-6.1.8.jar;C:\Users\carol\.m2\repository\org\springframework\spring-beans\6.1.8\spring-beans-6.1.8.jar;C:\Users\carol\.m2\repository\org\slf4j\slf4j-api\2.0.13\slf4j-api-2.0.13.jar;C:\Users\carol\.m2\repository\org\springframework\spring-aspects\6.1.8\spring-aspects-6.1.8.jar;C:\Users\carol\.m2\repository\org\springframework\boot\spring-boot-starter-validation\3.3.0\spring-boot-starter-validation-3.3.0.jar;C:\Users\carol\.m2\repository\org\apache\tomcat\embed\tomcat-embed-el\10.1.24\tomcat-embed-el-10.1.24.jar;C:\Users\carol\.m2\repository\org\hibernate\validator\hibernate-validator\8.0.1.Final\hibernate-validator-8.0.1.Final.jar;C:\Users\carol\.m2\repository\jakarta\validation\jakarta.validation-api\3.0.2\jakarta.validation-api-3.0.2.jar;C:\Users\carol\.m2\repository\org\springframework\boot\spring-boot-starter-web\3.3.0\spring-boot-starter-web-3.3.0.jar;C:\Users\carol\.m2\repository\org\springframework\boot\spring-boot-starter-json\3.3.0\spring-boot-starter-json-3.3.0.jar;C:\Users\carol\.m2\repository\com\fasterxml\jackson\datatype\jackson-datatype-jdk8\2.17.1\jackson-datatype-jdk8-2.17.1.jar;C:\Users\carol\.m2\repository\com\fasterxml\jackson\module\jackson-module-parameter-names\2.17.1\jackson-module-parameter-names-2.17.1.jar;C:\Users\carol\.m2\repository\org\springframework\boot\spring-boot-starter-tomcat\3.3.0\spring-boot-starter-tomcat-3.3.0.jar;C:\Users\carol\.m2\repository\org\apache\tomcat\embed\tomcat-embed-core\10.1.24\tomcat-embed-core-10.1.24.jar;C:\Users\carol\.m2\repository\org\apache\tomcat\embed\tomcat-embed-websocket\10.1.24\tomcat-embed-websocket-10.1.24.jar;C:\Users\carol\.m2\repository\org\springframework\spring-web\6.1.8\spring-web-6.1.8.jar;C:\Users\carol\.m2\repository\org\springframework\spring-webmvc\6.1.8\spring-webmvc-6.1.8.jar;C:\Users\carol\.m2\repository\org\springframework\spring-expression\6.1.8\spring-expression-6.1.8.jar;C:\Users\carol\.m2\repository\org\springframework\cloud\spring-cloud-starter-openfeign\4.1.4\spring-cloud-starter-openfeign-4.1.4.jar;C:\Users\carol\.m2\repository\org\springframework\cloud\spring-cloud-starter\4.1.5\spring-cloud-starter-4.1.5.jar;C:\Users\carol\.m2\repository\org\springframework\cloud\spring-cloud-context\4.1.5\spring-cloud-context-4.1.5.jar;C:\Users\carol\.m2\repository\org\springframework\security\spring-security-rsa\1.1.3\spring-security-rsa-1.1.3.jar;C:\Users\carol\.m2\repository\org\bouncycastle\bcprov-jdk18on\1.78\bcprov-jdk18on-1.78.jar;C:\Users\carol\.m2\repository\org\springframework\cloud\spring-cloud-openfeign-core\4.1.4\spring-cloud-openfeign-core-4.1.4.jar;C:\Users\carol\.m2\repository\io\github\openfeign\feign-form-spring\13.5\feign-form-spring-13.5.jar;C:\Users\carol\.m2\repository\io\github\openfeign\feign-form\13.5\feign-form-13.5.jar;C:\Users\carol\.m2\repository\commons-fileupload\commons-fileupload\1.5\commons-fileupload-1.5.jar;C:\Users\carol\.m2\repository\commons-io\commons-io\2.11.0\commons-io-2.11.0.jar;C:\Users\carol\.m2\repository\org\springframework\cloud\spring-cloud-commons\4.1.5\spring-cloud-commons-4.1.5.jar;C:\Users\carol\.m2\repository\org\springframework\security\spring-security-crypto\6.3.0\spring-security-crypto-6.3.0.jar;C:\Users\carol\.m2\repository\io\github\openfeign\feign-core\13.5\feign-core-13.5.jar;C:\Users\carol\.m2\repository\io\github\openfeign\feign-slf4j\13.5\feign-slf4j-13.5.jar;C:\Users\carol\.m2\repository\org\springframework\boot\spring-boot-devtools\3.3.0\spring-boot-devtools-3.3.0.jar;C:\Users\carol\.m2\repository\org\springframework\boot\spring-boot\3.3.0\spring-boot-3.3.0.jar;C:\Users\carol\.m2\repository\org\springframework\boot\spring-boot-autoconfigure\3.3.0\spring-boot-autoconfigure-3.3.0.jar;C:\Users\carol\.m2\repository\org\postgresql\postgresql\42.7.3\postgresql-42.7.3.jar;C:\Users\carol\.m2\repository\org\checkerframework\checker-qual\3.42.0\checker-qual-3.42.0.jar;C:\Users\carol\.m2\repository\org\springframework\boot\spring-boot-starter-test\3.3.0\spring-boot-starter-test-3.3.0.jar;C:\Users\carol\.m2\repository\org\springframework\boot\spring-boot-test\3.3.0\spring-boot-test-3.3.0.jar;C:\Users\carol\.m2\repository\org\springframework\boot\spring-boot-test-autoconfigure\3.3.0\spring-boot-test-autoconfigure-3.3.0.jar;C:\Users\carol\.m2\repository\com\jayway\jsonpath\json-path\2.9.0\json-path-2.9.0.jar;C:\Users\carol\.m2\repository\jakarta\xml\bind\jakarta.xml.bind-api\4.0.2\jakarta.xml.bind-api-4.0.2.jar;C:\Users\carol\.m2\repository\jakarta\activation\jakarta.activation-api\2.1.3\jakarta.activation-api-2.1.3.jar;C:\Users\carol\.m2\repository\net\minidev\json-smart\2.5.1\json-smart-2.5.1.jar;C:\Users\carol\.m2\repository\net\minidev\accessors-smart\2.5.1\accessors-smart-2.5.1.jar;C:\Users\carol\.m2\repository\org\ow2\asm\asm\9.6\asm-9.6.jar;C:\Users\carol\.m2\repository\org\assertj\assertj-core\3.25.3\assertj-core-3.25.3.jar;C:\Users\carol\.m2\repository\org\awaitility\awaitility\4.2.1\awaitility-4.2.1.jar;C:\Users\carol\.m2\repository\org\hamcrest\hamcrest\2.2\hamcrest-2.2.jar;C:\Users\carol\.m2\repository\org\junit\jupiter\junit-jupiter\5.10.2\junit-jupiter-5.10.2.jar;C:\Users\carol\.m2\repository\org\junit\jupiter\junit-jupiter-api\5.10.2\junit-jupiter-api-5.10.2.jar;C:\Users\carol\.m2\repository\org\opentest4j\opentest4j\1.3.0\opentest4j-1.3.0.jar;C:\Users\carol\.m2\repository\org\junit\platform\junit-platform-commons\1.10.2\junit-platform-commons-1.10.2.jar;C:\Users\carol\.m2\repository\org\apiguardian\apiguardian-api\1.1.2\apiguardian-api-1.1.2.jar;C:\Users\carol\.m2\repository\org\junit\jupiter\junit-jupiter-params\5.10.2\junit-jupiter-params-5.10.2.jar;C:\Users\carol\.m2\repository\org\junit\jupiter\junit-jupiter-engine\5.10.2\junit-jupiter-engine-5.10.2.jar;C:\Users\carol\.m2\repository\org\junit\platform\junit-platform-engine\1.10.2\junit-platform-engine-1.10.2.jar;C:\Users\carol\.m2\repository\org\mockito\mockito-core\5.11.0\mockito-core-5.11.0.jar;C:\Users\carol\.m2\repository\net\bytebuddy\byte-buddy-agent\1.14.16\byte-buddy-agent-1.14.16.jar;C:\Users\carol\.m2\repository\org\objenesis\objenesis\3.3\objenesis-3.3.jar;C:\Users\carol\.m2\repository\org\mockito\mockito-junit-jupiter\5.11.0\mockito-junit-jupiter-5.11.0.jar;C:\Users\carol\.m2\repository\org\skyscreamer\jsonassert\1.5.1\jsonassert-1.5.1.jar;C:\Users\carol\.m2\repository\com\vaadin\external\google\android-json\0.0.20131108.vaadin1\android-json-0.0.20131108.vaadin1.jar;C:\Users\carol\.m2\repository\org\springframework\spring-core\6.1.8\spring-core-6.1.8.jar;C:\Users\carol\.m2\repository\org\springframework\spring-jcl\6.1.8\spring-jcl-6.1.8.jar;C:\Users\carol\.m2\repository\org\springframework\spring-test\6.1.8\spring-test-6.1.8.jar;C:\Users\carol\.m2\repository\org\xmlunit\xmlunit-core\2.9.1\xmlunit-core-2.9.1.jar;C:\Users\carol\.m2\repository\org\projectlombok\lombok\1.18.34\lombok-1.18.34.jar;C:\Users\carol\.m2\repository\org\mapstruct\mapstruct\1.6.0\mapstruct-1.6.0.jar;C:\Users\carol\.m2\repository\org\mapstruct\mapstruct-processor\1.6.0\mapstruct-processor-1.6.0.jar;C:\Users\carol\.m2\repository\org\springdoc\springdoc-openapi-starter-webmvc-ui\2.5.0\springdoc-openapi-starter-webmvc-ui-2.5.0.jar;C:\Users\carol\.m2\repository\org\springdoc\springdoc-openapi-starter-webmvc-api\2.5.0\springdoc-openapi-starter-webmvc-api-2.5.0.jar;C:\Users\carol\.m2\repository\org\springdoc\springdoc-openapi-starter-common\2.5.0\springdoc-openapi-starter-common-2.5.0.jar;C:\Users\carol\.m2\repository\io\swagger\core\v3\swagger-core-jakarta\2.2.21\swagger-core-jakarta-2.2.21.jar;C:\Users\carol\.m2\repository\org\apache\commons\commons-lang3\3.14.0\commons-lang3-3.14.0.jar;C:\Users\carol\.m2\repository\io\swagger\core\v3\swagger-annotations-jakarta\2.2.21\swagger-annotations-jakarta-2.2.21.jar;C:\Users\carol\.m2\repository\io\swagger\core\v3\swagger-models-jakarta\2.2.21\swagger-models-jakarta-2.2.21.jar;C:\Users\carol\.m2\repository\com\fasterxml\jackson\dataformat\jackson-dataformat-yaml\2.17.1\jackson-dataformat-yaml-2.17.1.jar;C:\Users\carol\.m2\repository\org\webjars\swagger-ui\5.13.0\swagger-ui-5.13.0.jar;C:\Users\carol\.m2\repository\org\springframework\boot\spring-boot-starter-logging\3.3.0\spring-boot-starter-logging-3.3.0.jar;C:\Users\carol\.m2\repository\ch\qos\logback\logback-classic\1.5.6\logback-classic-1.5.6.jar;C:\Users\carol\.m2\repository\ch\qos\logback\logback-core\1.5.6\logback-core-1.5.6.jar;C:\Users\carol\.m2\repository\org\apache\logging\log4j\log4j-to-slf4j\2.23.1\log4j-to-slf4j-2.23.1.jar;C:\Users\carol\.m2\repository\org\apache\logging\log4j\log4j-api\2.23.1\log4j-api-2.23.1.jar;C:\Users\carol\.m2\repository\org\slf4j\jul-to-slf4j\2.0.13\jul-to-slf4j-2.0.13.jar;C:\Users\carol\.m2\repository\io\micrometer\micrometer-registry-prometheus\1.13.0\micrometer-registry-prometheus-1.13.0.jar;C:\Users\carol\.m2\repository\io\micrometer\micrometer-core\1.13.0\micrometer-core-1.13.0.jar;C:\Users\carol\.m2\repository\org\hdrhistogram\HdrHistogram\2.2.1\HdrHistogram-2.2.1.jar;C:\Users\carol\.m2\repository\org\latencyutils\LatencyUtils\2.0.3\LatencyUtils-2.0.3.jar;C:\Users\carol\.m2\repository\io\prometheus\prometheus-metrics-core\1.2.1\prometheus-metrics-core-1.2.1.jar;C:\Users\carol\.m2\repository\io\prometheus\prometheus-metrics-model\1.2.1\prometheus-metrics-model-1.2.1.jar;C:\Users\carol\.m2\repository\io\prometheus\prometheus-metrics-config\1.2.1\prometheus-metrics-config-1.2.1.jar;C:\Users\carol\.m2\repository\io\prometheus\prometheus-metrics-tracer-common\1.2.1\prometheus-metrics-tracer-common-1.2.1.jar;C:\Users\carol\.m2\repository\io\prometheus\prometheus-metrics-exposition-formats\1.2.1\prometheus-metrics-exposition-formats-1.2.1.jar;C:\Users\carol\.m2\repository\io\prometheus\prometheus-metrics-shaded-protobuf\1.2.1\prometheus-metrics-shaded-protobuf-1.2.1.jar;"/>
    <property name="java.vm.vendor" value="Oracle Corporation"/>
    <property name="sun.arch.data.model" value="64"/>
    <property name="user.variant" value=""/>
    <property name="java.vendor.url" value="https://java.oracle.com/"/>
    <property name="user.timezone" value="America/Guayaquil"/>
    <property name="org.jboss.logging.provider" value="slf4j"/>
    <property name="os.name" value="Windows 11"/>
    <property name="java.vm.specification.version" value="17"/>
    <property name="sun.java.launcher" value="SUN_STANDARD"/>
    <property name="user.country" value="EC"/>
    <property name="sun.boot.library.path" value="C:\Program Files\Java\jdk-17\bin"/>
    <property name="sun.java.command" value="C:\Users\carol\AppData\Local\Temp\surefire3328244599884994836\surefirebooter-20250810013613112_3.jar C:\Users\carol\AppData\Local\Temp\surefire3328244599884994836 2025-08-10T01-36-12_908-jvmRun1 surefire-20250810013613112_1tmp surefire_0-20250810013613112_2tmp"/>
    <property name="jdk.debug" value="release"/>
    <property name="surefire.test.class.path" value="c:\OCTAVO\ARQUI\RiesgoCredito\target\test-classes;c:\OCTAVO\ARQUI\RiesgoCredito\target\classes;C:\Users\carol\.m2\repository\org\springframework\boot\spring-boot-starter-actuator\3.3.0\spring-boot-starter-actuator-3.3.0.jar;C:\Users\carol\.m2\repository\org\springframework\boot\spring-boot-starter\3.3.0\spring-boot-starter-3.3.0.jar;C:\Users\carol\.m2\repository\jakarta\annotation\jakarta.annotation-api\2.1.1\jakarta.annotation-api-2.1.1.jar;C:\Users\carol\.m2\repository\org\yaml\snakeyaml\2.2\snakeyaml-2.2.jar;C:\Users\carol\.m2\repository\org\springframework\boot\spring-boot-actuator-autoconfigure\3.3.0\spring-boot-actuator-autoconfigure-3.3.0.jar;C:\Users\carol\.m2\repository\org\springframework\boot\spring-boot-actuator\3.3.0\spring-boot-actuator-3.3.0.jar;C:\Users\carol\.m2\repository\com\fasterxml\jackson\core\jackson-databind\2.17.1\jackson-databind-2.17.1.jar;C:\Users\carol\.m2\repository\com\fasterxml\jackson\core\jackson-annotations\2.17.1\jackson-annotations-2.17.1.jar;C:\Users\carol\.m2\repository\com\fasterxml\jackson\core\jackson-core\2.17.1\jackson-core-2.17.1.jar;C:\Users\carol\.m2\repository\com\fasterxml\jackson\datatype\jackson-datatype-jsr310\2.17.1\jackson-datatype-jsr310-2.17.1.jar;C:\Users\carol\.m2\repository\io\micrometer\micrometer-observation\1.13.0\micrometer-observation-1.13.0.jar;C:\Users\carol\.m2\repository\io\micrometer\micrometer-commons\1.13.0\micrometer-commons-1.13.0.jar;C:\Users\carol\.m2\repository\io\micrometer\micrometer-jakarta9\1.13.0\micrometer-jakarta9-1.13.0.jar;C:\Users\carol\.m2\repository\org\springframework\boot\spring-boot-starter-data-jpa\3.3.0\spring-boot-starter-data-jpa-3.3.0.jar;C:\Users\carol\.m2\repository\org\springframework\boot\spring-boot-starter-aop\3.3.0\spring-boot-starter-aop-3.3.0.jar;C:\Users\carol\.m2\repository\org\springframework\spring-aop\6.1.8\spring-aop-6.1.8.jar;C:\Users\carol\.m2\repository\org\aspectj\aspectjweaver\1.9.22\aspectjweaver-1.9.22.jar;C:\Users\carol\.m2\repository\org\springframework\boot\spring-boot-starter-jdbc\3.3.0\spring-boot-starter-jdbc-3.3.0.jar;C:\Users\carol\.m2\repository\com\zaxxer\HikariCP\5.1.0\HikariCP-5.1.0.jar;C:\Users\carol\.m2\repository\org\springframework\spring-jdbc\6.1.8\spring-jdbc-6.1.8.jar;C:\Users\carol\.m2\repository\org\hibernate\orm\hibernate-core\6.5.2.Final\hibernate-core-6.5.2.Final.jar;C:\Users\carol\.m2\repository\jakarta\persistence\jakarta.persistence-api\3.1.0\jakarta.persistence-api-3.1.0.jar;C:\Users\carol\.m2\repository\jakarta\transaction\jakarta.transaction-api\2.0.1\jakarta.transaction-api-2.0.1.jar;C:\Users\carol\.m2\repository\org\jboss\logging\jboss-logging\3.5.3.Final\jboss-logging-3.5.3.Final.jar;C:\Users\carol\.m2\repository\org\hibernate\common\hibernate-commons-annotations\6.0.6.Final\hibernate-commons-annotations-6.0.6.Final.jar;C:\Users\carol\.m2\repository\io\smallrye\jandex\3.1.2\jandex-3.1.2.jar;C:\Users\carol\.m2\repository\com\fasterxml\classmate\1.7.0\classmate-1.7.0.jar;C:\Users\carol\.m2\repository\net\bytebuddy\byte-buddy\1.14.16\byte-buddy-1.14.16.jar;C:\Users\carol\.m2\repository\org\glassfish\jaxb\jaxb-runtime\4.0.5\jaxb-runtime-4.0.5.jar;C:\Users\carol\.m2\repository\org\glassfish\jaxb\jaxb-core\4.0.5\jaxb-core-4.0.5.jar;C:\Users\carol\.m2\repository\org\eclipse\angus\angus-activation\2.0.2\angus-activation-2.0.2.jar;C:\Users\carol\.m2\repository\org\glassfish\jaxb\txw2\4.0.5\txw2-4.0.5.jar;C:\Users\carol\.m2\repository\com\sun\istack\istack-commons-runtime\4.1.2\istack-commons-runtime-4.1.2.jar;C:\Users\carol\.m2\repository\jakarta\inject\jakarta.inject-api\2.0.1\jakarta.inject-api-2.0.1.jar;C:\Users\carol\.m2\repository\org\antlr\antlr4-runtime\4.13.0\antlr4-runtime-4.13.0.jar;C:\Users\carol\.m2\repository\org\springframework\data\spring-data-jpa\3.3.0\spring-data-jpa-3.3.0.jar;C:\Users\carol\.m2\repository\org\springframework\data\spring-data-commons\3.3.0\spring-data-commons-3.3.0.jar;C:\Users\carol\.m2\repository\org\springframework\spring-orm\6.1.8\spring-orm-6.1.8.jar;C:\Users\carol\.m2\repository\org\springframework\spring-context\6.1.8\spring-context-6.1.8.jar;C:\Users\carol\.m2\repository\org\springframework\spring-tx\6.1.8\spring-tx-6.1.8.jar;C:\Users\carol\.m2\repository\org\springframework\spring-beans\6.1.8\spring-beans-6.1.8.jar;C:\Users\carol\.m2\repository\org\slf4j\slf4j-api\2.0.13\slf4j-api-2.0.13.jar;C:\Users\carol\.m2\repository\org\springframework\spring-aspects\6.1.8\spring-aspects-6.1.8.jar;C:\Users\carol\.m2\repository\org\springframework\boot\spring-boot-starter-validation\3.3.0\spring-boot-starter-validation-3.3.0.jar;C:\Users\carol\.m2\repository\org\apache\tomcat\embed\tomcat-embed-el\10.1.24\tomcat-embed-el-10.1.24.jar;C:\Users\carol\.m2\repository\org\hibernate\validator\hibernate-validator\8.0.1.Final\hibernate-validator-8.0.1.Final.jar;C:\Users\carol\.m2\repository\jakarta\validation\jakarta.validation-api\3.0.2\jakarta.validation-api-3.0.2.jar;C:\Users\carol\.m2\repository\org\springframework\boot\spring-boot-starter-web\3.3.0\spring-boot-starter-web-3.3.0.jar;C:\Users\carol\.m2\repository\org\springframework\boot\spring-boot-starter-json\3.3.0\spring-boot-starter-json-3.3.0.jar;C:\Users\carol\.m2\repository\com\fasterxml\jackson\datatype\jackson-datatype-jdk8\2.17.1\jackson-datatype-jdk8-2.17.1.jar;C:\Users\carol\.m2\repository\com\fasterxml\jackson\module\jackson-module-parameter-names\2.17.1\jackson-module-parameter-names-2.17.1.jar;C:\Users\carol\.m2\repository\org\springframework\boot\spring-boot-starter-tomcat\3.3.0\spring-boot-starter-tomcat-3.3.0.jar;C:\Users\carol\.m2\repository\org\apache\tomcat\embed\tomcat-embed-core\10.1.24\tomcat-embed-core-10.1.24.jar;C:\Users\carol\.m2\repository\org\apache\tomcat\embed\tomcat-embed-websocket\10.1.24\tomcat-embed-websocket-10.1.24.jar;C:\Users\carol\.m2\repository\org\springframework\spring-web\6.1.8\spring-web-6.1.8.jar;C:\Users\carol\.m2\repository\org\springframework\spring-webmvc\6.1.8\spring-webmvc-6.1.8.jar;C:\Users\carol\.m2\repository\org\springframework\spring-expression\6.1.8\spring-expression-6.1.8.jar;C:\Users\carol\.m2\repository\org\springframework\cloud\spring-cloud-starter-openfeign\4.1.4\spring-cloud-starter-openfeign-4.1.4.jar;C:\Users\carol\.m2\repository\org\springframework\cloud\spring-cloud-starter\4.1.5\spring-cloud-starter-4.1.5.jar;C:\Users\carol\.m2\repository\org\springframework\cloud\spring-cloud-context\4.1.5\spring-cloud-context-4.1.5.jar;C:\Users\carol\.m2\repository\org\springframework\security\spring-security-rsa\1.1.3\spring-security-rsa-1.1.3.jar;C:\Users\carol\.m2\repository\org\bouncycastle\bcprov-jdk18on\1.78\bcprov-jdk18on-1.78.jar;C:\Users\carol\.m2\repository\org\springframework\cloud\spring-cloud-openfeign-core\4.1.4\spring-cloud-openfeign-core-4.1.4.jar;C:\Users\carol\.m2\repository\io\github\openfeign\feign-form-spring\13.5\feign-form-spring-13.5.jar;C:\Users\carol\.m2\repository\io\github\openfeign\feign-form\13.5\feign-form-13.5.jar;C:\Users\carol\.m2\repository\commons-fileupload\commons-fileupload\1.5\commons-fileupload-1.5.jar;C:\Users\carol\.m2\repository\commons-io\commons-io\2.11.0\commons-io-2.11.0.jar;C:\Users\carol\.m2\repository\org\springframework\cloud\spring-cloud-commons\4.1.5\spring-cloud-commons-4.1.5.jar;C:\Users\carol\.m2\repository\org\springframework\security\spring-security-crypto\6.3.0\spring-security-crypto-6.3.0.jar;C:\Users\carol\.m2\repository\io\github\openfeign\feign-core\13.5\feign-core-13.5.jar;C:\Users\carol\.m2\repository\io\github\openfeign\feign-slf4j\13.5\feign-slf4j-13.5.jar;C:\Users\carol\.m2\repository\org\springframework\boot\spring-boot-devtools\3.3.0\spring-boot-devtools-3.3.0.jar;C:\Users\carol\.m2\repository\org\springframework\boot\spring-boot\3.3.0\spring-boot-3.3.0.jar;C:\Users\carol\.m2\repository\org\springframework\boot\spring-boot-autoconfigure\3.3.0\spring-boot-autoconfigure-3.3.0.jar;C:\Users\carol\.m2\repository\org\postgresql\postgresql\42.7.3\postgresql-42.7.3.jar;C:\Users\carol\.m2\repository\org\checkerframework\checker-qual\3.42.0\checker-qual-3.42.0.jar;C:\Users\carol\.m2\repository\org\springframework\boot\spring-boot-starter-test\3.3.0\spring-boot-starter-test-3.3.0.jar;C:\Users\carol\.m2\repository\org\springframework\boot\spring-boot-test\3.3.0\spring-boot-test-3.3.0.jar;C:\Users\carol\.m2\repository\org\springframework\boot\spring-boot-test-autoconfigure\3.3.0\spring-boot-test-autoconfigure-3.3.0.jar;C:\Users\carol\.m2\repository\com\jayway\jsonpath\json-path\2.9.0\json-path-2.9.0.jar;C:\Users\carol\.m2\repository\jakarta\xml\bind\jakarta.xml.bind-api\4.0.2\jakarta.xml.bind-api-4.0.2.jar;C:\Users\carol\.m2\repository\jakarta\activation\jakarta.activation-api\2.1.3\jakarta.activation-api-2.1.3.jar;C:\Users\carol\.m2\repository\net\minidev\json-smart\2.5.1\json-smart-2.5.1.jar;C:\Users\carol\.m2\repository\net\minidev\accessors-smart\2.5.1\accessors-smart-2.5.1.jar;C:\Users\carol\.m2\repository\org\ow2\asm\asm\9.6\asm-9.6.jar;C:\Users\carol\.m2\repository\org\assertj\assertj-core\3.25.3\assertj-core-3.25.3.jar;C:\Users\carol\.m2\repository\org\awaitility\awaitility\4.2.1\awaitility-4.2.1.jar;C:\Users\carol\.m2\repository\org\hamcrest\hamcrest\2.2\hamcrest-2.2.jar;C:\Users\carol\.m2\repository\org\junit\jupiter\junit-jupiter\5.10.2\junit-jupiter-5.10.2.jar;C:\Users\carol\.m2\repository\org\junit\jupiter\junit-jupiter-api\5.10.2\junit-jupiter-api-5.10.2.jar;C:\Users\carol\.m2\repository\org\opentest4j\opentest4j\1.3.0\opentest4j-1.3.0.jar;C:\Users\carol\.m2\repository\org\junit\platform\junit-platform-commons\1.10.2\junit-platform-commons-1.10.2.jar;C:\Users\carol\.m2\repository\org\apiguardian\apiguardian-api\1.1.2\apiguardian-api-1.1.2.jar;C:\Users\carol\.m2\repository\org\junit\jupiter\junit-jupiter-params\5.10.2\junit-jupiter-params-5.10.2.jar;C:\Users\carol\.m2\repository\org\junit\jupiter\junit-jupiter-engine\5.10.2\junit-jupiter-engine-5.10.2.jar;C:\Users\carol\.m2\repository\org\junit\platform\junit-platform-engine\1.10.2\junit-platform-engine-1.10.2.jar;C:\Users\carol\.m2\repository\org\mockito\mockito-core\5.11.0\mockito-core-5.11.0.jar;C:\Users\carol\.m2\repository\net\bytebuddy\byte-buddy-agent\1.14.16\byte-buddy-agent-1.14.16.jar;C:\Users\carol\.m2\repository\org\objenesis\objenesis\3.3\objenesis-3.3.jar;C:\Users\carol\.m2\repository\org\mockito\mockito-junit-jupiter\5.11.0\mockito-junit-jupiter-5.11.0.jar;C:\Users\carol\.m2\repository\org\skyscreamer\jsonassert\1.5.1\jsonassert-1.5.1.jar;C:\Users\carol\.m2\repository\com\vaadin\external\google\android-json\0.0.20131108.vaadin1\android-json-0.0.20131108.vaadin1.jar;C:\Users\carol\.m2\repository\org\springframework\spring-core\6.1.8\spring-core-6.1.8.jar;C:\Users\carol\.m2\repository\org\springframework\spring-jcl\6.1.8\spring-jcl-6.1.8.jar;C:\Users\carol\.m2\repository\org\springframework\spring-test\6.1.8\spring-test-6.1.8.jar;C:\Users\carol\.m2\repository\org\xmlunit\xmlunit-core\2.9.1\xmlunit-core-2.9.1.jar;C:\Users\carol\.m2\repository\org\projectlombok\lombok\1.18.34\lombok-1.18.34.jar;C:\Users\carol\.m2\repository\org\mapstruct\mapstruct\1.6.0\mapstruct-1.6.0.jar;C:\Users\carol\.m2\repository\org\mapstruct\mapstruct-processor\1.6.0\mapstruct-processor-1.6.0.jar;C:\Users\carol\.m2\repository\org\springdoc\springdoc-openapi-starter-webmvc-ui\2.5.0\springdoc-openapi-starter-webmvc-ui-2.5.0.jar;C:\Users\carol\.m2\repository\org\springdoc\springdoc-openapi-starter-webmvc-api\2.5.0\springdoc-openapi-starter-webmvc-api-2.5.0.jar;C:\Users\carol\.m2\repository\org\springdoc\springdoc-openapi-starter-common\2.5.0\springdoc-openapi-starter-common-2.5.0.jar;C:\Users\carol\.m2\repository\io\swagger\core\v3\swagger-core-jakarta\2.2.21\swagger-core-jakarta-2.2.21.jar;C:\Users\carol\.m2\repository\org\apache\commons\commons-lang3\3.14.0\commons-lang3-3.14.0.jar;C:\Users\carol\.m2\repository\io\swagger\core\v3\swagger-annotations-jakarta\2.2.21\swagger-annotations-jakarta-2.2.21.jar;C:\Users\carol\.m2\repository\io\swagger\core\v3\swagger-models-jakarta\2.2.21\swagger-models-jakarta-2.2.21.jar;C:\Users\carol\.m2\repository\com\fasterxml\jackson\dataformat\jackson-dataformat-yaml\2.17.1\jackson-dataformat-yaml-2.17.1.jar;C:\Users\carol\.m2\repository\org\webjars\swagger-ui\5.13.0\swagger-ui-5.13.0.jar;C:\Users\carol\.m2\repository\org\springframework\boot\spring-boot-starter-logging\3.3.0\spring-boot-starter-logging-3.3.0.jar;C:\Users\carol\.m2\repository\ch\qos\logback\logback-classic\1.5.6\logback-classic-1.5.6.jar;C:\Users\carol\.m2\repository\ch\qos\logback\logback-core\1.5.6\logback-core-1.5.6.jar;C:\Users\carol\.m2\repository\org\apache\logging\log4j\log4j-to-slf4j\2.23.1\log4j-to-slf4j-2.23.1.jar;C:\Users\carol\.m2\repository\org\apache\logging\log4j\log4j-api\2.23.1\log4j-api-2.23.1.jar;C:\Users\carol\.m2\repository\org\slf4j\jul-to-slf4j\2.0.13\jul-to-slf4j-2.0.13.jar;C:\Users\carol\.m2\repository\io\micrometer\micrometer-registry-prometheus\1.13.0\micrometer-registry-prometheus-1.13.0.jar;C:\Users\carol\.m2\repository\io\micrometer\micrometer-core\1.13.0\micrometer-core-1.13.0.jar;C:\Users\carol\.m2\repository\org\hdrhistogram\HdrHistogram\2.2.1\HdrHistogram-2.2.1.jar;C:\Users\carol\.m2\repository\org\latencyutils\LatencyUtils\2.0.3\LatencyUtils-2.0.3.jar;C:\Users\carol\.m2\repository\io\prometheus\prometheus-metrics-core\1.2.1\prometheus-metrics-core-1.2.1.jar;C:\Users\carol\.m2\repository\io\prometheus\prometheus-metrics-model\1.2.1\prometheus-metrics-model-1.2.1.jar;C:\Users\carol\.m2\repository\io\prometheus\prometheus-metrics-config\1.2.1\prometheus-metrics-config-1.2.1.jar;C:\Users\carol\.m2\repository\io\prometheus\prometheus-metrics-tracer-common\1.2.1\prometheus-metrics-tracer-common-1.2.1.jar;C:\Users\carol\.m2\repository\io\prometheus\prometheus-metrics-exposition-formats\1.2.1\prometheus-metrics-exposition-formats-1.2.1.jar;C:\Users\carol\.m2\repository\io\prometheus\prometheus-metrics-shaded-protobuf\1.2.1\prometheus-metrics-shaded-protobuf-1.2.1.jar;"/>
    <property name="sun.cpu.endian" value="little"/>
    <property name="user.home" value="C:\Users\carol"/>
    <property name="user.language" value="es"/>
    <property name="java.specification.vendor" value="Oracle Corporation"/>
    <property name="java.version.date" value="2024-07-16"/>
    <property name="java.home" value="C:\Program Files\Java\jdk-17"/>
    <property name="file.separator" value="\"/>
    <property name="basedir" value="c:\OCTAVO\ARQUI\RiesgoCredito"/>
    <property name="java.vm.compressedOopsMode" value="Zero based"/>
    <property name="line.separator" value="&#10;"/>
    <property name="java.vm.specification.vendor" value="Oracle Corporation"/>
    <property name="java.specification.name" value="Java Platform API Specification"/>
    <property name="FILE_LOG_CHARSET" value="windows-1252"/>
    <property name="java.awt.headless" value="true"/>
    <property name="surefire.real.class.path" value="C:\Users\carol\AppData\Local\Temp\surefire3328244599884994836\surefirebooter-20250810013613112_3.jar"/>
    <property name="user.script" value=""/>
    <property name="sun.management.compiler" value="HotSpot 64-Bit Tiered Compilers"/>
    <property name="java.runtime.version" value="17.0.12+8-LTS-286"/>
    <property name="user.name" value="carol"/>
    <property name="path.separator" value=";"/>
    <property name="os.version" value="10.0"/>
    <property name="java.runtime.name" value="Java(TM) SE Runtime Environment"/>
    <property name="file.encoding" value="Cp1252"/>
    <property name="java.vm.name" value="Java HotSpot(TM) 64-Bit Server VM"/>
    <property name="localRepository" value="C:\Users\carol\.m2\repository"/>
    <property name="java.vendor.url.bug" value="https://bugreport.java.com/bugreport/"/>
    <property name="java.io.tmpdir" value="C:\Users\carol\AppData\Local\Temp\"/>
    <property name="com.zaxxer.hikari.pool_number" value="1"/>
    <property name="java.version" value="17.0.12"/>
    <property name="user.dir" value="c:\OCTAVO\ARQUI\RiesgoCredito"/>
    <property name="os.arch" value="amd64"/>
    <property name="java.vm.specification.name" value="Java Virtual Machine Specification"/>
    <property name="PID" value="15440"/>
    <property name="sun.os.patch.level" value=""/>
    <property name="CONSOLE_LOG_CHARSET" value="windows-1252"/>
    <property name="native.encoding" value="Cp1252"/>
    <property name="java.library.path" value="C:\Program Files\Java\jdk-17\bin;C:\WINDOWS\Sun\Java\bin;C:\WINDOWS\system32;C:\WINDOWS;C:\Program Files\Google\Chrome\Application;C:\Program Files (x86)\Microsoft SDKs\Azure\CLI2\wbin;C:\Program Files (x86)\VMware\VMware Workstation\bin\;C:\oracleXE\dbhomeXE\bin;C:\Program Files\Microsoft MPI\Bin\;C:\Program Files\Common Files\Oracle\Java\javapath;C:\Program Files (x86)\Common Files\Oracle\Java\java8path;C:\Program Files (x86)\Common Files\Oracle\Java\javapath;C:\WINDOWS\system32;C:\WINDOWS;C:\WINDOWS\System32\Wbem;C:\WINDOWS\System32\WindowsPowerShell\v1.0\;C:\WINDOWS\System32\OpenSSH\;C:\ProgramData\chocolatey\bin;C:\Program Files\swipl\bin;C:\Program Files\Microsoft SQL Server\Client SDK\ODBC\170\Tools\Binn\;C:\Program Files\Azure Data Studio\bin;C:\Program Files (x86)\Microsoft SQL Server\160\Tools\Binn\;C:\Program Files\Microsoft SQL Server\160\Tools\Binn\;C:\Program Files\Microsoft SQL Server\160\DTS\Binn\;C:\Program Files (x86)\Microsoft SQL Server\160\DTS\Binn\;C:\Program Files\nodejs\;C:\Program Files\Docker\Docker\resources\bin;C:\Program Files\Microsoft SQL Server\150\Tools\Binn\;C:\Program Files\dotnet\;C:\Program Files\Java\jdk-17\bin;C:\Program Files\PuTTY\;C:\Program Files\Git\cmd;C:\Ruby32-x64\bin;C:\Users\carol\AppData\Local\Programs\Python\Python312\Scripts\;C:\Users\carol\AppData\Local\Programs\Python\Python312\;C:\Users\carol\AppData\Local\Microsoft\WindowsApps;C:\Users\carol\AppData\Local\GitHubDesktop\bin;C:\Users\carol\AppData\Local\Programs\Microsoft VS Code\bin;C:\Program Files\Azure Data Studio\bin;C:\Users\carol\AppData\Roaming\npm;C:\Program Files\MongoDB\Server\7.0\bin\;C:\flutter\bin;C:\Users\carol\.dotnet\tools;C:\Users\carol\AppData\Local\Google\Cloud SDK\google-cloud-sdk\bin;C:\Program Files\JetBrains\IntelliJ IDEA Community Edition 2024.3.1.1\bin;;C:\Program Files\MongoDB\Server\8.0\bin;C:\Program Files\MongoDB\mongosh-2.5.6-win32-x64\mongosh-2.5.6-win32-x64\bin;;c:\Users\carol\AppData\Roaming\Code\User\globalStorage\github.copilot-chat\debugCommand;."/>
    <property name="java.vm.info" value="mixed mode, sharing"/>
    <property name="java.vendor" value="Oracle Corporation"/>
    <property name="java.vm.version" value="17.0.12+8-LTS-286"/>
    <property name="sun.io.unicode.encoding" value="UnicodeLittle"/>
    <property name="java.class.version" value="61.0"/>
    <property name="LOGGED_APPLICATION_NAME" value="[buro] "/>
  </properties>
  <testcase name="contextLoads" classname="com.riesgocrediticio.buro.BuroApplicationTests" time="0.438">
    <system-out><![CDATA[01:36:14.444 [main] INFO org.springframework.test.context.support.AnnotationConfigContextLoaderUtils -- Could not detect default configuration classes for test class [com.riesgocrediticio.buro.BuroApplicationTests]: BuroApplicationTests does not declare any static, non-private, non-final, nested classes annotated with @Configuration.
01:36:14.574 [main] INFO org.springframework.boot.test.context.SpringBootTestContextBootstrapper -- Found @SpringBootConfiguration com.riesgocrediticio.buro.BuroApplication for test class com.riesgocrediticio.buro.BuroApplicationTests
01:36:14.854 [main] INFO org.springframework.boot.devtools.restart.RestartApplicationListener -- Restart disabled due to context in which it is running
  .   ____          _            __ _ _
 /\\ / ___'_ __ _ _(_)_ __  __ _ \ \ \ \
( ( )\___ | '_ | '_| | '_ \/ _` | \ \ \ \
 \\/  ___)| |_)| | | | | || (_| |  ) ) ) )
  '  |____| .__|_| |_|_| |_\__, | / / / /
 =========|_|==============|___/=/_/_/_/

 :: Spring Boot ::                (v3.3.0)

2025-08-10T01:36:15.422-05:00  INFO 15440 --- [buro] [           main] c.r.buro.BuroApplicationTests            : Starting BuroApplicationTests using Java 17.0.12 with PID 15440 (started by carol in c:\OCTAVO\ARQUI\RiesgoCredito)
2025-08-10T01:36:15.424-05:00 DEBUG 15440 --- [buro] [           main] c.r.buro.BuroApplicationTests            : Running with Spring Boot v3.3.0, Spring v6.1.8
2025-08-10T01:36:15.424-05:00  INFO 15440 --- [buro] [           main] c.r.buro.BuroApplicationTests            : No active profile set, falling back to 1 default profile: "default"
2025-08-10T01:36:17.208-05:00  INFO 15440 --- [buro] [           main] .s.d.r.c.RepositoryConfigurationDelegate : Bootstrapping Spring Data JPA repositories in DEFAULT mode.
2025-08-10T01:36:17.293-05:00  INFO 15440 --- [buro] [           main] .s.d.r.c.RepositoryConfigurationDelegate : Finished Spring Data repository scanning in 73 ms. Found 4 JPA repository interfaces.
2025-08-10T01:36:17.618-05:00  INFO 15440 --- [buro] [           main] o.s.cloud.context.scope.GenericScope     : BeanFactory id=cf342d5d-26f0-3e24-a6cc-1a89a62bae41
2025-08-10T01:36:18.371-05:00  INFO 15440 --- [buro] [           main] o.hibernate.jpa.internal.util.LogHelper  : HHH000204: Processing PersistenceUnitInfo [name: default]
2025-08-10T01:36:18.463-05:00  INFO 15440 --- [buro] [           main] org.hibernate.Version                    : HHH000412: Hibernate ORM core version 6.5.2.Final
2025-08-10T01:36:18.546-05:00  INFO 15440 --- [buro] [           main] o.h.c.internal.RegionFactoryInitiator    : HHH000026: Second-level cache disabled
2025-08-10T01:36:19.106-05:00  INFO 15440 --- [buro] [           main] o.s.o.j.p.SpringPersistenceUnitInfo      : No LoadTimeWeaver setup: ignoring JPA class transformer
2025-08-10T01:36:19.153-05:00  INFO 15440 --- [buro] [           main] com.zaxxer.hikari.HikariDataSource       : HikariPool-1 - Starting...
2025-08-10T01:36:19.347-05:00  INFO 15440 --- [buro] [           main] com.zaxxer.hikari.pool.HikariPool        : HikariPool-1 - Added connection org.postgresql.jdbc.PgConnection@2759749
2025-08-10T01:36:19.350-05:00  INFO 15440 --- [buro] [           main] com.zaxxer.hikari.HikariDataSource       : HikariPool-1 - Start completed.
2025-08-10T01:36:19.388-05:00  WARN 15440 --- [buro] [           main] org.hibernate.orm.deprecation            : HHH90000025: PostgreSQLDialect does not need to be specified explicitly using 'hibernate.dialect' (remove the property setting and it will be selected by default)
2025-08-10T01:36:20.562-05:00  INFO 15440 --- [buro] [           main] o.h.e.t.j.p.i.JtaPlatformInitiator       : HHH000489: No JTA platform available (set 'hibernate.transaction.jta.platform' to enable JTA platform integration)
2025-08-10T01:36:20.631-05:00  INFO 15440 --- [buro] [           main] j.LocalContainerEntityManagerFactoryBean : Initialized JPA EntityManagerFactory for persistence unit 'default'
2025-08-10T01:36:21.010-05:00  WARN 15440 --- [buro] [           main] JpaBaseConfiguration$JpaWebConfiguration : spring.jpa.open-in-view is enabled by default. Therefore, database queries may be performed during view rendering. Explicitly configure spring.jpa.open-in-view to disable this warning
2025-08-10T01:36:24.409-05:00  INFO 15440 --- [buro] [           main] o.s.b.a.e.web.EndpointLinksResolver      : Exposing 3 endpoints beneath base path '/actuator'
2025-08-10T01:36:24.537-05:00  INFO 15440 --- [buro] [           main] c.r.buro.BuroApplicationTests            : Started BuroApplicationTests in 9.708 seconds (process running for 11.058)
]]></system-out>
  </testcase>
</testsuite>